2024-08-28T04:31:18.226Z  info: Database started
2024-08-28T04:31:18.229Z  info: Express Intialized
2024-08-28T04:31:18.230Z  info: server started on 4000
2024-08-28T04:31:18.230Z  info: server Url http://localhost:4000
2024-08-28T04:32:59.308Z  info: Database started
2024-08-28T04:32:59.311Z  info: Express Intialized
2024-08-28T04:32:59.313Z  info: server started on 4000
2024-08-28T04:32:59.313Z  info: server Url http://localhost:4000
2024-08-28T04:43:08.028Z  info: Database started
2024-08-28T04:43:08.031Z  info: Express Intialized
2024-08-28T04:43:08.032Z  info: server started on 4000
2024-08-28T04:43:08.033Z  info: server Url http://localhost:4000
2024-08-28T04:43:19.966Z  info: Database started
2024-08-28T04:43:19.968Z  info: Express Intialized
2024-08-28T04:43:19.969Z  info: server started on 4000
2024-08-28T04:43:19.969Z  info: server Url http://localhost:4000
2024-08-28T04:43:28.075Z  info: Database started
2024-08-28T04:43:28.078Z  info: Express Intialized
2024-08-28T04:43:28.079Z  info: server started on 4000
2024-08-28T04:43:28.079Z  info: server Url http://localhost:4000
2024-08-28T04:43:30.630Z  info: Database started
2024-08-28T04:43:30.632Z  info: Express Intialized
2024-08-28T04:43:30.633Z  info: server started on 4000
2024-08-28T04:43:30.633Z  info: server Url http://localhost:4000
2024-08-28T04:43:35.376Z  info: Database started
2024-08-28T04:43:37.137Z  info: Database started
2024-08-28T04:43:37.139Z  info: Express Intialized
2024-08-28T04:43:37.140Z  info: server started on 4000
2024-08-28T04:43:37.140Z  info: server Url http://localhost:4000
2024-08-28T04:43:43.704Z  info: Database started
2024-08-28T04:43:43.706Z  info: Express Intialized
2024-08-28T04:43:43.707Z  info: server started on 4000
2024-08-28T04:43:43.707Z  info: server Url http://localhost:4000
2024-08-28T04:43:47.332Z  info: Database started
2024-08-28T04:43:47.334Z  info: Express Intialized
2024-08-28T04:43:47.335Z  info: server started on 4000
2024-08-28T04:43:47.335Z  info: server Url http://localhost:4000
2024-08-28T04:43:49.669Z  info: Database started
2024-08-28T04:43:49.672Z  info: Express Intialized
2024-08-28T04:43:49.673Z  info: server started on 4000
2024-08-28T04:43:49.673Z  info: server Url http://localhost:4000
2024-08-28T04:43:52.005Z  info: Database started
2024-08-28T04:43:52.007Z  info: Express Intialized
2024-08-28T04:43:52.009Z  info: server started on 4000
2024-08-28T04:43:52.009Z  info: server Url http://localhost:4000
2024-08-28T04:43:56.845Z  info: Database started
2024-08-28T04:43:56.848Z  info: Express Intialized
2024-08-28T04:43:56.850Z  info: server started on 4000
2024-08-28T04:43:56.850Z  info: server Url http://localhost:4000
2024-08-28T04:44:00.239Z  info: Database started
2024-08-28T04:44:00.242Z  info: Express Intialized
2024-08-28T04:44:00.243Z  info: server started on 4000
2024-08-28T04:44:00.243Z  info: server Url http://localhost:4000
2024-08-28T04:44:04.334Z  info: Database started
2024-08-28T04:44:04.338Z  info: Express Intialized
2024-08-28T04:44:04.340Z  info: server started on 4000
2024-08-28T04:44:04.340Z  info: server Url http://localhost:4000
2024-08-28T04:44:09.185Z  info: Database started
2024-08-28T04:44:09.187Z  info: Express Intialized
2024-08-28T04:44:09.189Z  info: server started on 4000
2024-08-28T04:44:09.189Z  info: server Url http://localhost:4000
2024-08-28T04:44:16.061Z  info: Database started
2024-08-28T04:44:16.064Z  info: Express Intialized
2024-08-28T04:44:16.065Z  info: server started on 4000
2024-08-28T04:44:16.065Z  info: server Url http://localhost:4000
2024-08-28T04:44:18.700Z  info: Database started
2024-08-28T04:44:18.703Z  info: Express Intialized
2024-08-28T04:44:18.704Z  info: server started on 4000
2024-08-28T04:44:18.704Z  info: server Url http://localhost:4000
2024-08-28T04:44:21.033Z  info: Database started
2024-08-28T04:44:21.038Z  info: Express Intialized
2024-08-28T04:44:21.039Z  info: server started on 4000
2024-08-28T04:44:21.040Z  info: server Url http://localhost:4000
2024-08-28T04:44:26.809Z  info: Database started
2024-08-28T04:44:26.812Z  info: Express Intialized
2024-08-28T04:44:26.813Z  info: server started on 4000
2024-08-28T04:44:26.813Z  info: server Url http://localhost:4000
2024-08-28T04:44:32.056Z  info: Database started
2024-08-28T04:44:32.060Z  info: Express Intialized
2024-08-28T04:44:32.061Z  info: server started on 4000
2024-08-28T04:44:32.061Z  info: server Url http://localhost:4000
2024-08-28T04:45:04.985Z  info: Database started
2024-08-28T04:45:04.987Z  info: Express Intialized
2024-08-28T04:45:04.988Z  info: server started on 4000
2024-08-28T04:45:04.988Z  info: server Url http://localhost:4000
2024-08-28T04:45:06.943Z  info: Database started
2024-08-28T04:45:06.945Z  info: Express Intialized
2024-08-28T04:45:06.946Z  info: server started on 4000
2024-08-28T04:45:06.946Z  info: server Url http://localhost:4000
2024-08-28T04:45:18.547Z  info: Database started
2024-08-28T04:45:18.549Z  info: Express Intialized
2024-08-28T04:45:18.551Z  info: server started on 4000
2024-08-28T04:45:18.551Z  info: server Url http://localhost:4000
2024-08-28T04:45:28.913Z  info: Database started
2024-08-28T04:45:28.916Z  info: Express Intialized
2024-08-28T04:45:28.917Z  info: server started on 4000
2024-08-28T04:45:28.917Z  info: server Url http://localhost:4000
2024-08-28T04:45:34.384Z  info: Database started
2024-08-28T04:45:34.386Z  info: Express Intialized
2024-08-28T04:45:34.388Z  info: server started on 4000
2024-08-28T04:45:34.388Z  info: server Url http://localhost:4000
2024-08-28T04:45:39.027Z  info: Database started
2024-08-28T04:45:39.031Z  info: Express Intialized
2024-08-28T04:45:39.033Z  info: server started on 4000
2024-08-28T04:45:39.033Z  info: server Url http://localhost:4000
2024-08-28T04:46:03.421Z  info: Database started
2024-08-28T04:46:03.423Z  info: Express Intialized
2024-08-28T04:46:03.425Z  info: server started on 4000
2024-08-28T04:46:03.425Z  info: server Url http://localhost:4000
2024-08-28T04:46:34.625Z  info: Database started
2024-08-28T04:46:34.627Z  info: Express Intialized
2024-08-28T04:46:34.628Z  info: server started on 4000
2024-08-28T04:46:34.628Z  info: server Url http://localhost:4000
2024-08-28T04:46:42.489Z  info: Database started
2024-08-28T04:46:42.491Z  info: Express Intialized
2024-08-28T04:46:42.492Z  info: server started on 4000
2024-08-28T04:46:42.492Z  info: server Url http://localhost:4000
2024-08-28T04:46:44.852Z  info: Database started
2024-08-28T04:46:44.855Z  info: Express Intialized
2024-08-28T04:46:44.856Z  info: server started on 4000
2024-08-28T04:46:44.856Z  info: server Url http://localhost:4000
2024-08-28T04:46:46.751Z  info: Database started
2024-08-28T04:46:46.754Z  info: Express Intialized
2024-08-28T04:46:46.755Z  info: server started on 4000
2024-08-28T04:46:46.755Z  info: server Url http://localhost:4000
2024-08-28T04:46:53.732Z  info: Database started
2024-08-28T04:46:53.735Z  info: Express Intialized
2024-08-28T04:46:53.737Z  info: server started on 4000
2024-08-28T04:46:53.737Z  info: server Url http://localhost:4000
2024-08-28T04:46:58.178Z  info: Database started
2024-08-28T04:46:58.180Z  info: Express Intialized
2024-08-28T04:46:58.181Z  info: server started on 4000
2024-08-28T04:46:58.181Z  info: server Url http://localhost:4000
2024-08-28T04:47:01.979Z  info: Database started
2024-08-28T04:47:01.982Z  info: Express Intialized
2024-08-28T04:47:01.983Z  info: server started on 4000
2024-08-28T04:47:01.983Z  info: server Url http://localhost:4000
2024-08-28T04:47:04.774Z  info: Database started
2024-08-28T04:47:04.776Z  info: Express Intialized
2024-08-28T04:47:04.777Z  info: server started on 4000
2024-08-28T04:47:04.777Z  info: server Url http://localhost:4000
2024-08-28T04:47:07.266Z  info: Database started
2024-08-28T04:47:07.268Z  info: Express Intialized
2024-08-28T04:47:07.269Z  info: server started on 4000
2024-08-28T04:47:07.270Z  info: server Url http://localhost:4000
2024-08-28T04:47:16.721Z  info: Database started
2024-08-28T04:47:16.723Z  info: Express Intialized
2024-08-28T04:47:16.724Z  info: server started on 4000
2024-08-28T04:47:16.724Z  info: server Url http://localhost:4000
2024-08-28T04:49:18.855Z  info: Database started
2024-08-28T04:49:18.858Z  info: Express Intialized
2024-08-28T04:49:18.859Z  info: server started on 4000
2024-08-28T04:49:18.859Z  info: server Url http://localhost:4000
2024-08-28T04:49:25.607Z  info: Database started
2024-08-28T04:49:25.610Z  info: Express Intialized
2024-08-28T04:49:25.614Z  info: server started on 4000
2024-08-28T04:49:25.614Z  info: server Url http://localhost:4000
2024-08-28T04:49:35.509Z  info: Database started
2024-08-28T04:49:35.511Z  info: Express Intialized
2024-08-28T04:49:35.513Z  info: server started on 4000
2024-08-28T04:49:35.513Z  info: server Url http://localhost:4000
2024-08-28T04:49:42.289Z  info: Database started
2024-08-28T04:49:42.292Z  info: Express Intialized
2024-08-28T04:49:42.293Z  info: server started on 4000
2024-08-28T04:49:42.293Z  info: server Url http://localhost:4000
2024-08-28T04:49:49.437Z  info: Database started
2024-08-28T04:49:49.440Z  info: Express Intialized
2024-08-28T04:49:49.442Z  info: server started on 4000
2024-08-28T04:49:49.442Z  info: server Url http://localhost:4000
2024-08-28T04:49:58.666Z  info: Database started
2024-08-28T04:49:58.669Z  info: Express Intialized
2024-08-28T04:49:58.671Z  info: server started on 4000
2024-08-28T04:49:58.671Z  info: server Url http://localhost:4000
2024-08-28T04:50:04.012Z  info: Database started
2024-08-28T04:50:04.015Z  info: Express Intialized
2024-08-28T04:50:04.016Z  info: server started on 4000
2024-08-28T04:50:04.016Z  info: server Url http://localhost:4000
2024-08-28T04:50:13.053Z  info: Database started
2024-08-28T04:50:13.058Z  info: Express Intialized
2024-08-28T04:50:13.059Z  info: server started on 4000
2024-08-28T04:50:13.059Z  info: server Url http://localhost:4000
2024-08-28T04:50:15.726Z  info: Database started
2024-08-28T04:50:15.728Z  info: Express Intialized
2024-08-28T04:50:15.729Z  info: server started on 4000
2024-08-28T04:50:15.729Z  info: server Url http://localhost:4000
2024-08-28T04:50:19.670Z  info: Database started
2024-08-28T04:50:19.673Z  info: Express Intialized
2024-08-28T04:50:19.674Z  info: server started on 4000
2024-08-28T04:50:19.674Z  info: server Url http://localhost:4000
2024-08-28T04:50:30.933Z  info: Database started
2024-08-28T04:50:30.938Z  info: Express Intialized
2024-08-28T04:50:30.940Z  info: server started on 4000
2024-08-28T04:50:30.940Z  info: server Url http://localhost:4000
2024-08-28T04:50:40.182Z  info: Database started
2024-08-28T04:50:40.185Z  info: Express Intialized
2024-08-28T04:50:40.187Z  info: server started on 4000
2024-08-28T04:50:40.187Z  info: server Url http://localhost:4000
2024-08-28T04:50:48.506Z  info: Database started
2024-08-28T04:50:48.508Z  info: Express Intialized
2024-08-28T04:50:48.509Z  info: server started on 4000
2024-08-28T04:50:48.509Z  info: server Url http://localhost:4000
2024-08-28T04:51:19.655Z  info: Database started
2024-08-28T04:51:19.658Z  info: Express Intialized
2024-08-28T04:51:19.659Z  info: server started on 4000
2024-08-28T04:51:19.659Z  info: server Url http://localhost:4000
2024-08-28T04:51:54.340Z  info: Database started
2024-08-28T04:51:54.343Z  info: Express Intialized
2024-08-28T04:51:54.344Z  info: server started on 4000
2024-08-28T04:51:54.344Z  info: server Url http://localhost:4000
2024-08-28T04:52:05.372Z  info: Database started
2024-08-28T04:52:05.378Z  info: Express Intialized
2024-08-28T04:52:05.380Z  info: server started on 4000
2024-08-28T04:52:05.381Z  info: server Url http://localhost:4000
2024-08-28T04:52:25.735Z  info: Database started
2024-08-28T04:52:25.739Z  info: Express Intialized
2024-08-28T04:52:25.741Z  info: server started on 4000
2024-08-28T04:52:25.741Z  info: server Url http://localhost:4000
2024-08-28T04:54:12.824Z  info: Database started
2024-08-28T04:54:12.827Z  info: Express Intialized
2024-08-28T04:54:12.828Z  info: server started on 4000
2024-08-28T04:54:12.828Z  info: server Url http://localhost:4000
2024-08-28T04:54:18.830Z  info: Database started
2024-08-28T04:54:18.832Z  info: Express Intialized
2024-08-28T04:54:18.833Z  info: server started on 4000
2024-08-28T04:54:18.833Z  info: server Url http://localhost:4000
2024-08-28T04:54:36.168Z  info: Database started
2024-08-28T04:54:36.171Z  info: Express Intialized
2024-08-28T04:54:36.172Z  info: server started on 4000
2024-08-28T04:54:36.172Z  info: server Url http://localhost:4000
2024-08-28T04:54:41.313Z  info: Database started
2024-08-28T04:54:41.315Z  info: Express Intialized
2024-08-28T04:54:41.316Z  info: server started on 4000
2024-08-28T04:54:41.317Z  info: server Url http://localhost:4000
2024-08-28T04:55:00.180Z  info: Database started
2024-08-28T04:55:00.184Z  info: Express Intialized
2024-08-28T04:55:00.185Z  info: server started on 4000
2024-08-28T04:55:00.185Z  info: server Url http://localhost:4000
2024-08-28T04:55:06.577Z  info: Database started
2024-08-28T04:55:06.581Z  info: Express Intialized
2024-08-28T04:55:06.582Z  info: server started on 4000
2024-08-28T04:55:06.582Z  info: server Url http://localhost:4000
2024-08-28T04:55:10.316Z  info: Database started
2024-08-28T04:55:10.318Z  info: Express Intialized
2024-08-28T04:55:10.319Z  info: server started on 4000
2024-08-28T04:55:10.319Z  info: server Url http://localhost:4000
2024-08-28T04:55:15.577Z  info: Database started
2024-08-28T04:55:15.579Z  info: Express Intialized
2024-08-28T04:55:15.580Z  info: server started on 4000
2024-08-28T04:55:15.580Z  info: server Url http://localhost:4000
2024-08-28T04:55:27.933Z  info: Database started
2024-08-28T04:55:27.935Z  info: Express Intialized
2024-08-28T04:55:27.936Z  info: server started on 4000
2024-08-28T04:55:27.936Z  info: server Url http://localhost:4000
2024-08-28T04:55:40.251Z  info: Database started
2024-08-28T04:55:40.253Z  info: Express Intialized
2024-08-28T04:55:40.254Z  info: server started on 4000
2024-08-28T04:55:40.254Z  info: server Url http://localhost:4000
2024-08-28T04:55:45.036Z  info: Database started
2024-08-28T04:55:45.039Z  info: Express Intialized
2024-08-28T04:55:45.040Z  info: server started on 4000
2024-08-28T04:55:45.040Z  info: server Url http://localhost:4000
2024-08-28T04:55:47.040Z  info: Database started
2024-08-28T04:55:47.044Z  info: Express Intialized
2024-08-28T04:55:47.045Z  info: server started on 4000
2024-08-28T04:55:47.045Z  info: server Url http://localhost:4000
2024-08-28T04:55:52.738Z  info: Database started
2024-08-28T04:55:52.740Z  info: Express Intialized
2024-08-28T04:55:52.741Z  info: server started on 4000
2024-08-28T04:55:52.741Z  info: server Url http://localhost:4000
2024-08-28T04:56:07.690Z  info: Database started
2024-08-28T04:56:07.693Z  info: Express Intialized
2024-08-28T04:56:07.694Z  info: server started on 4000
2024-08-28T04:56:07.694Z  info: server Url http://localhost:4000
2024-08-28T04:56:19.420Z  info: Database started
2024-08-28T04:56:19.422Z  info: Express Intialized
2024-08-28T04:56:19.423Z  info: server started on 4000
2024-08-28T04:56:19.423Z  info: server Url http://localhost:4000
2024-08-28T04:56:24.355Z  info: Database started
2024-08-28T04:56:24.358Z  info: Express Intialized
2024-08-28T04:56:24.359Z  info: server started on 4000
2024-08-28T04:56:24.359Z  info: server Url http://localhost:4000
2024-08-28T04:56:30.039Z  info: Database started
2024-08-28T04:56:30.042Z  info: Express Intialized
2024-08-28T04:56:30.043Z  info: server started on 4000
2024-08-28T04:56:30.043Z  info: server Url http://localhost:4000
2024-08-28T04:56:40.401Z  info: Database started
2024-08-28T04:56:40.404Z  info: Express Intialized
2024-08-28T04:56:40.405Z  info: server started on 4000
2024-08-28T04:56:40.405Z  info: server Url http://localhost:4000
2024-08-28T04:57:39.329Z  info: Database started
2024-08-28T04:57:39.332Z  info: Express Intialized
2024-08-28T04:57:39.333Z  info: server started on 4000
2024-08-28T04:57:39.333Z  info: server Url http://localhost:4000
2024-08-28T04:57:44.868Z  info: Database started
2024-08-28T04:57:44.873Z  info: Express Intialized
2024-08-28T04:57:44.875Z  info: server started on 4000
2024-08-28T04:57:44.875Z  info: server Url http://localhost:4000
2024-08-28T04:57:47.849Z  info: Database started
2024-08-28T04:57:47.852Z  info: Express Intialized
2024-08-28T04:57:47.853Z  info: server started on 4000
2024-08-28T04:57:47.853Z  info: server Url http://localhost:4000
2024-08-28T04:57:49.998Z  info: Database started
2024-08-28T04:57:50.000Z  info: Express Intialized
2024-08-28T04:57:50.002Z  info: server started on 4000
2024-08-28T04:57:50.002Z  info: server Url http://localhost:4000
2024-08-28T04:57:53.718Z  info: Database started
2024-08-28T04:57:53.721Z  info: Express Intialized
2024-08-28T04:57:53.722Z  info: server started on 4000
2024-08-28T04:57:53.722Z  info: server Url http://localhost:4000
2024-08-28T04:58:00.440Z  info: Database started
2024-08-28T04:58:00.443Z  info: Express Intialized
2024-08-28T04:58:00.444Z  info: server started on 4000
2024-08-28T04:58:00.444Z  info: server Url http://localhost:4000
2024-08-28T04:58:13.896Z  info: Database started
2024-08-28T04:58:13.898Z  info: Express Intialized
2024-08-28T04:58:13.899Z  info: server started on 4000
2024-08-28T04:58:13.899Z  info: server Url http://localhost:4000
2024-08-28T04:58:19.219Z  info: Database started
2024-08-28T04:58:19.221Z  info: Express Intialized
2024-08-28T04:58:19.222Z  info: server started on 4000
2024-08-28T04:58:19.222Z  info: server Url http://localhost:4000
2024-08-28T04:58:21.220Z  info: Database started
2024-08-28T04:58:21.223Z  info: Express Intialized
2024-08-28T04:58:21.225Z  info: server started on 4000
2024-08-28T04:58:21.225Z  info: server Url http://localhost:4000
2024-08-28T04:58:24.037Z  info: Database started
2024-08-28T04:58:24.039Z  info: Express Intialized
2024-08-28T04:58:24.040Z  info: server started on 4000
2024-08-28T04:58:24.041Z  info: server Url http://localhost:4000
2024-08-28T04:58:26.483Z  info: Database started
2024-08-28T04:58:26.485Z  info: Express Intialized
2024-08-28T04:58:26.486Z  info: server started on 4000
2024-08-28T04:58:26.487Z  info: server Url http://localhost:4000
2024-08-28T04:58:28.576Z  info: Database started
2024-08-28T04:58:28.579Z  info: Express Intialized
2024-08-28T04:58:28.581Z  info: server started on 4000
2024-08-28T04:58:28.581Z  info: server Url http://localhost:4000
2024-08-28T04:58:47.927Z  info: Database started
2024-08-28T04:58:47.931Z  info: Express Intialized
2024-08-28T04:58:47.932Z  info: server started on 4000
2024-08-28T04:58:47.932Z  info: server Url http://localhost:4000
2024-08-28T04:58:53.014Z  info: Database started
2024-08-28T04:58:53.017Z  info: Express Intialized
2024-08-28T04:58:53.018Z  info: server started on 4000
2024-08-28T04:58:53.018Z  info: server Url http://localhost:4000
2024-08-28T04:59:02.201Z  info: Database started
2024-08-28T04:59:02.203Z  info: Express Intialized
2024-08-28T04:59:02.205Z  info: server started on 4000
2024-08-28T04:59:02.205Z  info: server Url http://localhost:4000
2024-08-28T04:59:08.258Z  info: Database started
2024-08-28T04:59:08.261Z  info: Express Intialized
2024-08-28T04:59:08.262Z  info: server started on 4000
2024-08-28T04:59:08.262Z  info: server Url http://localhost:4000
2024-08-28T04:59:26.405Z  info: Database started
2024-08-28T04:59:26.408Z  info: Express Intialized
2024-08-28T04:59:26.410Z  info: server started on 4000
2024-08-28T04:59:26.410Z  info: server Url http://localhost:4000
2024-08-28T04:59:31.761Z  info: Database started
2024-08-28T04:59:31.763Z  info: Express Intialized
2024-08-28T04:59:31.764Z  info: server started on 4000
2024-08-28T04:59:31.764Z  info: server Url http://localhost:4000
2024-08-28T04:59:35.026Z  info: Database started
2024-08-28T04:59:35.028Z  info: Express Intialized
2024-08-28T04:59:35.029Z  info: server started on 4000
2024-08-28T04:59:35.029Z  info: server Url http://localhost:4000
2024-08-28T04:59:38.174Z  info: Database started
2024-08-28T04:59:38.177Z  info: Express Intialized
2024-08-28T04:59:38.178Z  info: server started on 4000
2024-08-28T04:59:38.178Z  info: server Url http://localhost:4000
2024-08-28T05:00:01.209Z  info: Database started
2024-08-28T05:00:01.212Z  info: Express Intialized
2024-08-28T05:00:01.213Z  info: server started on 4000
2024-08-28T05:00:01.213Z  info: server Url http://localhost:4000
2024-08-28T05:00:17.178Z  info: Database started
2024-08-28T05:00:17.181Z  info: Express Intialized
2024-08-28T05:00:17.183Z  info: server started on 4000
2024-08-28T05:00:17.183Z  info: server Url http://localhost:4000
2024-08-28T05:07:24.878Z  info: Database started
2024-08-28T05:07:24.881Z  info: Express Intialized
2024-08-28T05:07:24.883Z  info: server started on 4000
2024-08-28T05:07:24.884Z  info: server Url http://localhost:4000
2024-08-28T05:07:30.540Z  info: Database started
2024-08-28T05:07:30.543Z  info: Express Intialized
2024-08-28T05:07:30.545Z  info: server started on 4000
2024-08-28T05:07:30.545Z  info: server Url http://localhost:4000
2024-08-28T05:07:34.567Z  info: Database started
2024-08-28T05:07:34.569Z  info: Express Intialized
2024-08-28T05:07:34.570Z  info: server started on 4000
2024-08-28T05:07:34.570Z  info: server Url http://localhost:4000
2024-08-28T05:09:57.588Z  info: Database started
2024-08-28T05:09:57.590Z  info: Express Intialized
2024-08-28T05:09:57.591Z  info: server started on 4000
2024-08-28T05:09:57.591Z  info: server Url http://localhost:4000
2024-08-28T05:10:03.994Z  info: Database started
2024-08-28T05:10:03.996Z  info: Express Intialized
2024-08-28T05:10:03.997Z  info: server started on 4000
2024-08-28T05:10:03.998Z  info: server Url http://localhost:4000
2024-08-28T05:10:34.549Z  info: Database started
2024-08-28T05:10:34.551Z  info: Express Intialized
2024-08-28T05:10:34.552Z  info: server started on 4000
2024-08-28T05:10:34.553Z  info: server Url http://localhost:4000
2024-08-28T05:11:19.521Z  info: Database started
2024-08-28T05:11:19.525Z  info: Express Intialized
2024-08-28T05:11:19.527Z  info: server started on 4000
2024-08-28T05:11:19.528Z  info: server Url http://localhost:4000
2024-08-28T05:11:27.759Z  info: Database started
2024-08-28T05:11:27.762Z  info: Express Intialized
2024-08-28T05:11:27.763Z  info: server started on 4000
2024-08-28T05:11:27.763Z  info: server Url http://localhost:4000
2024-08-28T05:11:29.983Z  info: Database started
2024-08-28T05:11:29.986Z  info: Express Intialized
2024-08-28T05:11:29.988Z  info: server started on 4000
2024-08-28T05:11:29.988Z  info: server Url http://localhost:4000
2024-08-28T05:11:39.427Z  info: Database started
2024-08-28T05:11:39.430Z  info: Express Intialized
2024-08-28T05:11:39.431Z  info: server started on 4000
2024-08-28T05:11:39.431Z  info: server Url http://localhost:4000
2024-08-28T05:11:48.359Z  info: Database started
2024-08-28T05:11:48.362Z  info: Express Intialized
2024-08-28T05:11:48.363Z  info: server started on 4000
2024-08-28T05:11:48.363Z  info: server Url http://localhost:4000
2024-08-28T05:11:51.250Z  info: Database started
2024-08-28T05:11:51.252Z  info: Express Intialized
2024-08-28T05:11:51.254Z  info: server started on 4000
2024-08-28T05:11:51.254Z  info: server Url http://localhost:4000
2024-08-28T05:11:55.933Z  info: Database started
2024-08-28T05:11:55.936Z  info: Express Intialized
2024-08-28T05:11:55.937Z  info: server started on 4000
2024-08-28T05:11:55.937Z  info: server Url http://localhost:4000
2024-08-28T05:12:00.227Z  info: Database started
2024-08-28T05:12:00.231Z  info: Express Intialized
2024-08-28T05:12:00.233Z  info: server started on 4000
2024-08-28T05:12:00.233Z  info: server Url http://localhost:4000
2024-08-28T05:12:06.187Z  info: Database started
2024-08-28T05:12:06.189Z  info: Express Intialized
2024-08-28T05:12:06.191Z  info: server started on 4000
2024-08-28T05:12:06.191Z  info: server Url http://localhost:4000
2024-08-28T05:12:08.600Z  info: Database started
2024-08-28T05:12:08.604Z  info: Express Intialized
2024-08-28T05:12:08.606Z  info: server started on 4000
2024-08-28T05:12:08.606Z  info: server Url http://localhost:4000
2024-08-28T05:12:26.825Z  info: Database started
2024-08-28T05:12:26.828Z  info: Express Intialized
2024-08-28T05:12:26.830Z  info: server started on 4000
2024-08-28T05:12:26.830Z  info: server Url http://localhost:4000
2024-08-28T05:12:39.660Z  info: Database started
2024-08-28T05:12:39.662Z  info: Express Intialized
2024-08-28T05:12:39.663Z  info: server started on 4000
2024-08-28T05:12:39.663Z  info: server Url http://localhost:4000
2024-08-28T05:12:44.305Z  info: Database started
2024-08-28T05:12:44.307Z  info: Express Intialized
2024-08-28T05:12:44.309Z  info: server started on 4000
2024-08-28T05:12:44.309Z  info: server Url http://localhost:4000
2024-08-28T05:12:53.390Z  info: Database started
2024-08-28T05:12:53.393Z  info: Express Intialized
2024-08-28T05:12:53.395Z  info: server started on 4000
2024-08-28T05:12:53.395Z  info: server Url http://localhost:4000
2024-08-28T05:12:59.583Z  info: Database started
2024-08-28T05:12:59.585Z  info: Express Intialized
2024-08-28T05:12:59.586Z  info: server started on 4000
2024-08-28T05:12:59.586Z  info: server Url http://localhost:4000
2024-08-28T05:13:02.337Z  info: Database started
2024-08-28T05:13:02.340Z  info: Express Intialized
2024-08-28T05:13:02.342Z  info: server started on 4000
2024-08-28T05:13:02.342Z  info: server Url http://localhost:4000
2024-08-28T05:13:06.451Z  info: Database started
2024-08-28T05:13:06.454Z  info: Express Intialized
2024-08-28T05:13:06.455Z  info: server started on 4000
2024-08-28T05:13:06.455Z  info: server Url http://localhost:4000
2024-08-28T05:13:09.103Z  info: Database started
2024-08-28T05:13:09.106Z  info: Express Intialized
2024-08-28T05:13:09.107Z  info: server started on 4000
2024-08-28T05:13:09.107Z  info: server Url http://localhost:4000
2024-08-28T05:13:13.007Z  info: Database started
2024-08-28T05:13:13.012Z  info: Express Intialized
2024-08-28T05:13:13.014Z  info: server started on 4000
2024-08-28T05:13:13.015Z  info: server Url http://localhost:4000
2024-08-28T05:13:17.307Z  info: Database started
2024-08-28T05:13:17.316Z  info: Express Intialized
2024-08-28T05:13:17.318Z  info: server started on 4000
2024-08-28T05:13:17.318Z  info: server Url http://localhost:4000
2024-08-28T05:13:20.478Z  info: Database started
2024-08-28T05:13:20.480Z  info: Express Intialized
2024-08-28T05:13:20.481Z  info: server started on 4000
2024-08-28T05:13:20.482Z  info: server Url http://localhost:4000
2024-08-28T05:13:38.281Z  info: Database started
2024-08-28T05:13:38.283Z  info: Express Intialized
2024-08-28T05:13:38.284Z  info: server started on 4000
2024-08-28T05:13:38.284Z  info: server Url http://localhost:4000
2024-08-28T09:01:07.348Z  info: Database started
2024-08-28T09:01:07.350Z  info: Express Intialized
2024-08-28T09:01:07.352Z  info: server started on 4000
2024-08-28T09:01:07.353Z  info: server Url http://localhost:4000
2024-08-28T09:04:43.584Z  info: Database started
2024-08-28T09:04:43.586Z  info: Express Intialized
2024-08-28T09:04:43.589Z  info: server started on 4000
2024-08-28T09:04:43.589Z  info: server Url http://localhost:4000
2024-08-28T09:05:02.677Z  info: Database started
2024-08-28T09:05:02.679Z  info: Express Intialized
2024-08-28T09:05:02.681Z  info: server started on 4000
2024-08-28T09:05:02.681Z  info: server Url http://localhost:4000
2024-08-28T09:05:46.101Z  info: Database started
2024-08-28T09:05:46.104Z  info: Express Intialized
2024-08-28T09:05:46.105Z  info: server started on 4000
2024-08-28T09:05:46.105Z  info: server Url http://localhost:4000
2024-08-28T09:07:10.695Z  info: Database started
2024-08-28T09:07:10.697Z  info: Express Intialized
2024-08-28T09:07:10.699Z  info: server started on 4000
2024-08-28T09:07:10.700Z  info: server Url http://localhost:4000
2024-08-28T09:07:23.746Z  info: Database started
2024-08-28T09:07:23.756Z  info: Express Intialized
2024-08-28T09:07:23.759Z  info: server started on 4000
2024-08-28T09:07:23.759Z  info: server Url http://localhost:4000
2024-08-28T09:07:31.789Z  info: Database started
2024-08-28T09:07:31.791Z  info: Express Intialized
2024-08-28T09:07:31.793Z  info: server started on 4000
2024-08-28T09:07:31.793Z  info: server Url http://localhost:4000
2024-08-28T09:07:53.935Z  info: Database started
2024-08-28T09:07:53.938Z  info: Express Intialized
2024-08-28T09:07:53.941Z  info: server started on 4000
2024-08-28T09:07:53.941Z  info: server Url http://localhost:4000
2024-08-28T09:08:02.842Z  info: Database started
2024-08-28T09:08:02.845Z  info: Express Intialized
2024-08-28T09:08:02.847Z  info: server started on 4000
2024-08-28T09:08:02.847Z  info: server Url http://localhost:4000
2024-08-28T09:18:44.850Z  info: Database started
2024-08-28T09:18:44.853Z  info: Express Intialized
2024-08-28T09:18:44.854Z  info: server started on 4000
2024-08-28T09:18:44.855Z  info: server Url http://localhost:4000
2024-08-28T09:18:53.613Z  info: Database started
2024-08-28T09:18:53.617Z  info: Express Intialized
2024-08-28T09:18:53.619Z  info: server started on 4000
2024-08-28T09:18:53.619Z  info: server Url http://localhost:4000
2024-08-28T09:18:59.553Z  info: Database started
2024-08-28T09:18:59.555Z  info: Express Intialized
2024-08-28T09:18:59.557Z  info: server started on 4000
2024-08-28T09:18:59.557Z  info: server Url http://localhost:4000
2024-08-28T09:20:29.027Z  info: Database started
2024-08-28T09:20:29.029Z  info: Express Intialized
2024-08-28T09:20:29.031Z  info: server started on 4000
2024-08-28T09:20:29.031Z  info: server Url http://localhost:4000
2024-08-28T09:29:10.536Z  info: Database started
2024-08-28T09:29:10.538Z  info: Express Intialized
2024-08-28T09:29:10.539Z  info: server started on 4000
2024-08-28T09:29:10.540Z  info: server Url http://localhost:4000
2024-08-28T09:29:17.871Z  info: Database started
2024-08-28T09:29:17.875Z  info: Express Intialized
2024-08-28T09:29:17.879Z  info: server started on 4000
2024-08-28T09:29:17.880Z  info: server Url http://localhost:4000
2024-08-28T09:29:22.121Z  info: Database started
2024-08-28T09:29:22.123Z  info: Express Intialized
2024-08-28T09:29:22.125Z  info: server started on 4000
2024-08-28T09:29:22.125Z  info: server Url http://localhost:4000
2024-08-28T09:30:39.176Z  info: Database started
2024-08-28T09:30:39.179Z  info: Express Intialized
2024-08-28T09:30:39.180Z  info: server started on 4000
2024-08-28T09:30:39.180Z  info: server Url http://localhost:4000
2024-08-28T09:30:43.727Z  info: Database started
2024-08-28T09:30:43.730Z  info: Express Intialized
2024-08-28T09:30:43.731Z  info: server started on 4000
2024-08-28T09:30:43.732Z  info: server Url http://localhost:4000
2024-08-28T09:31:16.195Z  info: Database started
2024-08-28T09:31:16.197Z  info: Express Intialized
2024-08-28T09:31:16.198Z  info: server started on 4000
2024-08-28T09:31:16.199Z  info: server Url http://localhost:4000
2024-08-28T09:37:50.831Z  info: Database started
2024-08-28T09:37:50.834Z  info: Express Intialized
2024-08-28T09:37:50.838Z  info: server started on 4000
2024-08-28T09:37:50.838Z  info: server Url http://localhost:4000
2024-08-28T09:37:55.729Z  info: Database started
2024-08-28T09:37:55.731Z  info: Express Intialized
2024-08-28T09:37:55.732Z  info: server started on 4000
2024-08-28T09:37:55.732Z  info: server Url http://localhost:4000
2024-08-28T09:38:34.301Z  info: Database started
2024-08-28T09:38:34.303Z  info: Express Intialized
2024-08-28T09:38:34.305Z  info: server started on 4000
2024-08-28T09:38:34.305Z  info: server Url http://localhost:4000
2024-08-28T09:38:48.583Z  info: Database started
2024-08-28T09:38:48.585Z  info: Express Intialized
2024-08-28T09:38:48.587Z  info: server started on 4000
2024-08-28T09:38:48.587Z  info: server Url http://localhost:4000
2024-08-28T09:38:52.646Z  info: Database started
2024-08-28T09:38:52.649Z  info: Express Intialized
2024-08-28T09:38:52.652Z  info: server started on 4000
2024-08-28T09:38:52.652Z  info: server Url http://localhost:4000
2024-08-28T09:39:10.430Z  info: Database started
2024-08-28T09:39:10.432Z  info: Express Intialized
2024-08-28T09:39:10.434Z  info: server started on 4000
2024-08-28T09:39:10.434Z  info: server Url http://localhost:4000
2024-08-28T09:39:39.715Z  info: Database started
2024-08-28T09:39:39.717Z  info: Express Intialized
2024-08-28T09:39:39.721Z  info: server started on 4000
2024-08-28T09:39:39.721Z  info: server Url http://localhost:4000
2024-08-28T10:28:28.756Z  info: Database started
2024-08-28T10:28:28.758Z  info: Express Intialized
2024-08-28T10:28:28.760Z  info: server started on 4000
2024-08-28T10:28:28.760Z  info: server Url http://localhost:4000
2024-08-28T10:28:49.549Z  info: Database started
2024-08-28T10:28:49.551Z  info: Express Intialized
2024-08-28T10:28:49.552Z  info: server started on 4000
2024-08-28T10:28:49.553Z  info: server Url http://localhost:4000
2024-08-28T10:29:02.882Z  info: Database started
2024-08-28T10:29:02.884Z  info: Express Intialized
2024-08-28T10:29:02.886Z  info: server started on 4000
2024-08-28T10:29:02.886Z  info: server Url http://localhost:4000
2024-08-28T10:30:22.238Z  info: Database started
2024-08-28T10:30:22.241Z  info: Express Intialized
2024-08-28T10:30:22.244Z  info: server started on 4000
2024-08-28T10:30:22.244Z  info: server Url http://localhost:4000
2024-08-28T10:30:44.629Z  info: Database started
2024-08-28T10:30:44.631Z  info: Express Intialized
2024-08-28T10:30:44.632Z  info: server started on 4000
2024-08-28T10:30:44.633Z  info: server Url http://localhost:4000
2024-08-28T10:30:59.204Z  info: Database started
2024-08-28T10:30:59.206Z  info: Express Intialized
2024-08-28T10:30:59.208Z  info: server started on 4000
2024-08-28T10:30:59.208Z  info: server Url http://localhost:4000
2024-08-28T10:31:08.081Z  info: Database started
2024-08-28T10:31:08.084Z  info: Express Intialized
2024-08-28T10:31:08.089Z  info: server started on 4000
2024-08-28T10:31:08.090Z  info: server Url http://localhost:4000
2024-08-28T10:32:43.623Z  info: Database started
2024-08-28T10:32:43.625Z  info: Express Intialized
2024-08-28T10:32:43.626Z  info: server started on 4000
2024-08-28T10:32:43.626Z  info: server Url http://localhost:4000
2024-08-28T10:33:12.225Z  info: Database started
2024-08-28T10:33:12.228Z  info: Express Intialized
2024-08-28T10:33:12.230Z  info: server started on 4000
2024-08-28T10:33:12.230Z  info: server Url http://localhost:4000
2024-08-28T10:33:22.541Z  info: Database started
2024-08-28T10:33:22.543Z  info: Express Intialized
2024-08-28T10:33:22.544Z  info: server started on 4000
2024-08-28T10:33:22.545Z  info: server Url http://localhost:4000
2024-08-28T10:33:56.832Z  info: Database started
2024-08-28T10:33:56.834Z  info: Express Intialized
2024-08-28T10:33:56.836Z  info: server started on 4000
2024-08-28T10:33:56.836Z  info: server Url http://localhost:4000
2024-08-28T10:34:00.435Z  info: Database started
2024-08-28T10:34:00.437Z  info: Express Intialized
2024-08-28T10:34:00.439Z  info: server started on 4000
2024-08-28T10:34:00.439Z  info: server Url http://localhost:4000
2024-08-28T10:34:03.601Z  info: Database started
2024-08-28T10:34:03.604Z  info: Express Intialized
2024-08-28T10:34:03.606Z  info: server started on 4000
2024-08-28T10:34:03.606Z  info: server Url http://localhost:4000
2024-08-28T10:34:18.663Z  info: Database started
2024-08-28T10:34:18.665Z  info: Express Intialized
2024-08-28T10:34:18.666Z  info: server started on 4000
2024-08-28T10:34:18.667Z  info: server Url http://localhost:4000
2024-08-28T10:38:07.843Z  info: Database started
2024-08-28T10:38:07.846Z  info: Express Intialized
2024-08-28T10:38:07.847Z  info: server started on 4000
2024-08-28T10:38:07.848Z  info: server Url http://localhost:4000
2024-08-28T10:39:46.307Z  info: Database started
2024-08-28T10:39:46.309Z  info: Express Intialized
2024-08-28T10:39:46.310Z  info: server started on 4000
2024-08-28T10:39:46.311Z  info: server Url http://localhost:4000
2024-08-28T10:40:36.191Z  info: Database started
2024-08-28T10:40:36.198Z  info: Express Intialized
2024-08-28T10:40:36.205Z  info: server started on 4000
2024-08-28T10:40:36.206Z  info: server Url http://localhost:4000
2024-08-28T10:40:39.583Z  info: Database started
2024-08-28T10:40:39.586Z  info: Express Intialized
2024-08-28T10:40:39.588Z  info: server started on 4000
2024-08-28T10:40:39.588Z  info: server Url http://localhost:4000
2024-08-28T10:40:47.007Z  info: Database started
2024-08-28T10:40:47.010Z  info: Express Intialized
2024-08-28T10:40:47.012Z  info: server started on 4000
2024-08-28T10:40:47.012Z  info: server Url http://localhost:4000
2024-08-28T10:41:23.640Z  info: Database started
2024-08-28T10:41:23.642Z  info: Express Intialized
2024-08-28T10:41:23.644Z  info: server started on 4000
2024-08-28T10:41:23.644Z  info: server Url http://localhost:4000
2024-08-28T10:41:27.876Z  info: Database started
2024-08-28T10:41:27.878Z  info: Express Intialized
2024-08-28T10:41:27.880Z  info: server started on 4000
2024-08-28T10:41:27.880Z  info: server Url http://localhost:4000
2024-08-28T10:41:30.451Z  info: Database started
2024-08-28T10:41:30.454Z  info: Express Intialized
2024-08-28T10:41:30.457Z  info: server started on 4000
2024-08-28T10:41:30.457Z  info: server Url http://localhost:4000
2024-08-28T10:41:33.308Z  info: Database started
2024-08-28T10:41:33.311Z  info: Express Intialized
2024-08-28T10:41:33.312Z  info: server started on 4000
2024-08-28T10:41:33.312Z  info: server Url http://localhost:4000
2024-08-28T10:41:54.583Z  info: Database started
2024-08-28T10:41:54.585Z  info: Express Intialized
2024-08-28T10:41:54.586Z  info: server started on 4000
2024-08-28T10:41:54.586Z  info: server Url http://localhost:4000
2024-08-28T10:42:45.540Z  info: Database started
2024-08-28T10:42:45.543Z  info: Express Intialized
2024-08-28T10:42:45.544Z  info: server started on 4000
2024-08-28T10:42:45.544Z  info: server Url http://localhost:4000
2024-08-28T10:42:50.551Z  info: Database started
2024-08-28T10:42:50.553Z  info: Express Intialized
2024-08-28T10:42:50.555Z  info: server started on 4000
2024-08-28T10:42:50.555Z  info: server Url http://localhost:4000
2024-08-28T10:42:53.963Z  info: Database started
2024-08-28T10:42:53.965Z  info: Express Intialized
2024-08-28T10:42:53.966Z  info: server started on 4000
2024-08-28T10:42:53.966Z  info: server Url http://localhost:4000
2024-08-28T10:43:00.033Z  info: Database started
2024-08-28T10:43:00.035Z  info: Express Intialized
2024-08-28T10:43:00.037Z  info: server started on 4000
2024-08-28T10:43:00.037Z  info: server Url http://localhost:4000
2024-08-28T10:45:23.376Z  info: Database started
2024-08-28T10:45:23.378Z  info: Express Intialized
2024-08-28T10:45:23.380Z  info: server started on 4000
2024-08-28T10:45:23.380Z  info: server Url http://localhost:4000
2024-08-28T10:45:30.475Z  info: Database started
2024-08-28T10:45:30.477Z  info: Express Intialized
2024-08-28T10:45:30.478Z  info: server started on 4000
2024-08-28T10:45:30.478Z  info: server Url http://localhost:4000
2024-08-28T10:45:59.704Z  info: Database started
2024-08-28T10:45:59.706Z  info: Express Intialized
2024-08-28T10:45:59.707Z  info: server started on 4000
2024-08-28T10:45:59.707Z  info: server Url http://localhost:4000
2024-08-28T10:46:11.485Z  info: Database started
2024-08-28T10:46:11.488Z  info: Express Intialized
2024-08-28T10:46:11.491Z  info: server started on 4000
2024-08-28T10:46:11.491Z  info: server Url http://localhost:4000
2024-08-28T10:46:34.590Z  info: Database started
2024-08-28T10:46:34.592Z  info: Express Intialized
2024-08-28T10:46:34.593Z  info: server started on 4000
2024-08-28T10:46:34.593Z  info: server Url http://localhost:4000
2024-08-28T10:49:53.629Z  info: Database started
2024-08-28T10:49:53.631Z  info: Express Intialized
2024-08-28T10:49:53.633Z  info: server started on 4000
2024-08-28T10:49:53.633Z  info: server Url http://localhost:4000
2024-08-28T10:56:51.460Z  info: Database started
2024-08-28T10:56:51.462Z  info: Express Intialized
2024-08-28T10:56:51.463Z  info: server started on 4000
2024-08-28T10:56:51.464Z  info: server Url http://localhost:4000
2024-08-28T10:59:45.865Z  info: Database started
2024-08-28T10:59:45.867Z  info: Express Intialized
2024-08-28T10:59:45.869Z  info: server started on 4000
2024-08-28T10:59:45.869Z  info: server Url http://localhost:4000
2024-08-28T11:01:37.620Z  info: Database started
2024-08-28T11:01:37.622Z  info: Express Intialized
2024-08-28T11:01:37.624Z  info: server started on 4000
2024-08-28T11:01:37.624Z  info: server Url http://localhost:4000
2024-08-28T11:01:40.402Z  info: Database started
2024-08-28T11:01:40.405Z  info: Express Intialized
2024-08-28T11:01:40.407Z  info: server started on 4000
2024-08-28T11:01:40.407Z  info: server Url http://localhost:4000
2024-08-28T11:02:11.351Z  info: Database started
2024-08-28T11:02:11.354Z  info: Express Intialized
2024-08-28T11:02:11.356Z  info: server started on 4000
2024-08-28T11:02:11.357Z  info: server Url http://localhost:4000
2024-08-28T11:02:55.662Z  info: Database started
2024-08-28T11:02:55.664Z  info: Express Intialized
2024-08-28T11:02:55.665Z  info: server started on 4000
2024-08-28T11:02:55.665Z  info: server Url http://localhost:4000
2024-08-28T11:03:21.832Z  info: Database started
2024-08-28T11:03:21.835Z  info: Express Intialized
2024-08-28T11:03:21.837Z  info: server started on 4000
2024-08-28T11:03:21.837Z  info: server Url http://localhost:4000
2024-08-28T11:03:32.892Z  info: Database started
2024-08-28T11:03:32.894Z  info: Express Intialized
2024-08-28T11:03:32.896Z  info: server started on 4000
2024-08-28T11:03:32.896Z  info: server Url http://localhost:4000
2024-08-28T11:04:12.771Z  info: Database started
2024-08-28T11:04:12.773Z  info: Express Intialized
2024-08-28T11:04:12.775Z  info: server started on 4000
2024-08-28T11:04:12.775Z  info: server Url http://localhost:4000
2024-08-28T11:04:18.362Z  info: Database started
2024-08-28T11:04:18.364Z  info: Express Intialized
2024-08-28T11:04:18.366Z  info: server started on 4000
2024-08-28T11:04:18.366Z  info: server Url http://localhost:4000
2024-08-28T11:04:23.974Z  info: Database started
2024-08-28T11:04:23.976Z  info: Express Intialized
2024-08-28T11:04:23.978Z  info: server started on 4000
2024-08-28T11:04:23.979Z  info: server Url http://localhost:4000
2024-08-28T11:04:38.468Z  info: Database started
2024-08-28T11:04:38.470Z  info: Express Intialized
2024-08-28T11:04:38.472Z  info: server started on 4000
2024-08-28T11:04:38.472Z  info: server Url http://localhost:4000
2024-08-28T11:05:01.506Z  info: Database started
2024-08-28T11:05:01.508Z  info: Express Intialized
2024-08-28T11:05:01.510Z  info: server started on 4000
2024-08-28T11:05:01.510Z  info: server Url http://localhost:4000
2024-08-28T11:05:13.745Z  info: Database started
2024-08-28T11:05:13.748Z  info: Express Intialized
2024-08-28T11:05:13.749Z  info: server started on 4000
2024-08-28T11:05:13.750Z  info: server Url http://localhost:4000
2024-08-28T11:06:26.073Z  info: Database started
2024-08-28T11:06:26.075Z  info: Express Intialized
2024-08-28T11:06:26.077Z  info: server started on 4000
2024-08-28T11:06:26.077Z  info: server Url http://localhost:4000
2024-08-28T11:06:42.525Z  info: Database started
2024-08-28T11:06:42.527Z  info: Express Intialized
2024-08-28T11:06:42.528Z  info: server started on 4000
2024-08-28T11:06:42.528Z  info: server Url http://localhost:4000
2024-08-28T11:07:27.423Z  info: Database started
2024-08-28T11:07:27.426Z  info: Express Intialized
2024-08-28T11:07:27.427Z  info: server started on 4000
2024-08-28T11:07:27.427Z  info: server Url http://localhost:4000
2024-08-28T11:08:34.975Z  info: Database started
2024-08-28T11:08:34.978Z  info: Express Intialized
2024-08-28T11:08:34.981Z  info: server started on 4000
2024-08-28T11:08:34.981Z  info: server Url http://localhost:4000
2024-08-28T11:08:39.721Z  info: Database started
2024-08-28T11:08:39.724Z  info: Express Intialized
2024-08-28T11:08:39.727Z  info: server started on 4000
2024-08-28T11:08:39.728Z  info: server Url http://localhost:4000
2024-08-28T11:08:50.859Z  info: Database started
2024-08-28T11:08:50.862Z  info: Express Intialized
2024-08-28T11:08:50.863Z  info: server started on 4000
2024-08-28T11:08:50.863Z  info: server Url http://localhost:4000
2024-08-28T11:10:54.582Z  info: Database started
2024-08-28T11:10:54.584Z  info: Express Intialized
2024-08-28T11:10:54.585Z  info: server started on 4000
2024-08-28T11:10:54.585Z  info: server Url http://localhost:4000
2024-08-28T11:10:58.414Z  info: Database started
2024-08-28T11:11:03.604Z  info: Database started
2024-08-28T11:11:03.609Z  info: Express Intialized
2024-08-28T11:11:03.611Z  info: server started on 4000
2024-08-28T11:11:03.611Z  info: server Url http://localhost:4000
2024-08-28T11:11:18.811Z  info: Database started
2024-08-28T11:11:18.814Z  info: Express Intialized
2024-08-28T11:11:18.815Z  info: server started on 4000
2024-08-28T11:11:18.815Z  info: server Url http://localhost:4000
2024-08-28T11:17:08.655Z  info: Database started
2024-08-28T11:17:08.657Z  info: Express Intialized
2024-08-28T11:17:08.659Z  info: server started on 4000
2024-08-28T11:17:08.659Z  info: server Url http://localhost:4000
2024-08-28T11:17:20.687Z  info: Database started
2024-08-28T11:17:20.689Z  info: Express Intialized
2024-08-28T11:17:20.693Z  info: server started on 4000
2024-08-28T11:17:20.694Z  info: server Url http://localhost:4000
2024-08-28T11:17:27.846Z  info: Database started
2024-08-28T11:17:27.848Z  info: Express Intialized
2024-08-28T11:17:27.850Z  info: server started on 4000
2024-08-28T11:17:27.850Z  info: server Url http://localhost:4000
2024-08-28T11:18:06.013Z  info: Database started
2024-08-28T11:18:06.017Z  info: Express Intialized
2024-08-28T11:18:06.019Z  info: server started on 4000
2024-08-28T11:18:06.019Z  info: server Url http://localhost:4000
2024-08-28T11:18:20.834Z  info: Database started
2024-08-28T11:18:20.836Z  info: Express Intialized
2024-08-28T11:18:20.838Z  info: server started on 4000
2024-08-28T11:18:20.838Z  info: server Url http://localhost:4000
2024-08-28T11:18:30.937Z  info: Database started
2024-08-28T11:18:30.940Z  info: Express Intialized
2024-08-28T11:18:30.942Z  info: server started on 4000
2024-08-28T11:18:30.942Z  info: server Url http://localhost:4000
2024-08-28T11:18:39.302Z  info: Database started
2024-08-28T11:18:39.304Z  info: Express Intialized
2024-08-28T11:18:39.306Z  info: server started on 4000
2024-08-28T11:18:39.306Z  info: server Url http://localhost:4000
2024-08-28T11:22:12.729Z  info: Database started
2024-08-28T11:22:12.732Z  info: Express Intialized
2024-08-28T11:22:12.733Z  info: server started on 4000
2024-08-28T11:22:12.734Z  info: server Url http://localhost:4000
2024-08-28T11:22:28.298Z  info: Database started
2024-08-28T11:22:28.300Z  info: Express Intialized
2024-08-28T11:22:28.302Z  info: server started on 4000
2024-08-28T11:22:28.303Z  info: server Url http://localhost:4000
2024-08-28T11:22:37.535Z  info: Database started
2024-08-28T11:22:37.537Z  info: Express Intialized
2024-08-28T11:22:37.539Z  info: server started on 4000
2024-08-28T11:22:37.539Z  info: server Url http://localhost:4000
2024-08-28T11:22:47.276Z  info: Database started
2024-08-28T11:22:47.280Z  info: Express Intialized
2024-08-28T11:22:47.282Z  info: server started on 4000
2024-08-28T11:22:47.282Z  info: server Url http://localhost:4000
2024-08-28T11:22:49.951Z  info: Database started
2024-08-28T11:22:49.954Z  info: Express Intialized
2024-08-28T11:22:49.956Z  info: server started on 4000
2024-08-28T11:22:49.957Z  info: server Url http://localhost:4000
2024-08-28T11:23:00.270Z  info: Database started
2024-08-28T11:23:00.272Z  info: Express Intialized
2024-08-28T11:23:00.275Z  info: server started on 4000
2024-08-28T11:23:00.275Z  info: server Url http://localhost:4000
2024-08-28T11:23:02.940Z  info: Database started
2024-08-28T11:23:02.943Z  info: Express Intialized
2024-08-28T11:23:02.945Z  info: server started on 4000
2024-08-28T11:23:02.945Z  info: server Url http://localhost:4000
2024-08-28T11:23:17.928Z  info: Database started
2024-08-28T11:23:17.932Z  info: Express Intialized
2024-08-28T11:23:17.933Z  info: server started on 4000
2024-08-28T11:23:17.934Z  info: server Url http://localhost:4000
2024-08-28T11:24:45.461Z  info: Database started
2024-08-28T11:24:45.464Z  info: Express Intialized
2024-08-28T11:24:45.465Z  info: server started on 4000
2024-08-28T11:24:45.465Z  info: server Url http://localhost:4000
2024-08-28T11:25:04.180Z  info: Database started
2024-08-28T11:25:04.182Z  info: Express Intialized
2024-08-28T11:25:04.184Z  info: server started on 4000
2024-08-28T11:25:04.184Z  info: server Url http://localhost:4000
2024-08-28T11:27:34.779Z  info: Database started
2024-08-28T11:27:34.781Z  info: Express Intialized
2024-08-28T11:27:34.784Z  info: server started on 4000
2024-08-28T11:27:34.784Z  info: server Url http://localhost:4000
2024-08-28T11:28:17.799Z  info: Database started
2024-08-28T11:28:17.801Z  info: Express Intialized
2024-08-28T11:28:17.802Z  info: server started on 4000
2024-08-28T11:28:17.802Z  info: server Url http://localhost:4000
2024-08-28T11:28:30.293Z  info: Database started
2024-08-28T11:28:30.295Z  info: Express Intialized
2024-08-28T11:28:30.297Z  info: server started on 4000
2024-08-28T11:28:30.297Z  info: server Url http://localhost:4000
2024-08-28T11:28:41.086Z  info: Database started
2024-08-28T11:28:41.089Z  info: Express Intialized
2024-08-28T11:28:41.093Z  info: server started on 4000
2024-08-28T11:28:41.093Z  info: server Url http://localhost:4000
2024-08-28T11:28:49.994Z  info: Database started
2024-08-28T11:28:49.996Z  info: Express Intialized
2024-08-28T11:28:50.001Z  info: server started on 4000
2024-08-28T11:28:50.001Z  info: server Url http://localhost:4000
2024-08-28T11:31:20.457Z  info: Database started
2024-08-28T11:31:20.460Z  info: Express Intialized
2024-08-28T11:31:20.462Z  info: server started on 4000
2024-08-28T11:31:20.462Z  info: server Url http://localhost:4000
2024-08-28T11:31:34.294Z  info: Database started
2024-08-28T11:31:34.297Z  info: Express Intialized
2024-08-28T11:31:34.299Z  info: server started on 4000
2024-08-28T11:31:34.299Z  info: server Url http://localhost:4000
2024-08-28T11:35:22.678Z  info: Database started
2024-08-28T11:35:22.680Z  info: Express Intialized
2024-08-28T11:35:22.682Z  info: server started on 4000
2024-08-28T11:35:22.682Z  info: server Url http://localhost:4000
2024-08-28T11:35:27.624Z  info: Database started
2024-08-28T11:35:27.627Z  info: Express Intialized
2024-08-28T11:35:27.629Z  info: server started on 4000
2024-08-28T11:35:27.629Z  info: server Url http://localhost:4000
2024-08-28T11:35:30.417Z  info: Database started
2024-08-28T11:35:30.419Z  info: Express Intialized
2024-08-28T11:35:30.421Z  info: server started on 4000
2024-08-28T11:35:30.421Z  info: server Url http://localhost:4000
2024-08-28T11:35:36.425Z  info: Database started
2024-08-28T11:35:36.428Z  info: Express Intialized
2024-08-28T11:35:36.429Z  info: server started on 4000
2024-08-28T11:35:36.430Z  info: server Url http://localhost:4000
2024-08-28T11:35:38.940Z  info: Database started
2024-08-28T11:35:38.942Z  info: Express Intialized
2024-08-28T11:35:38.944Z  info: server started on 4000
2024-08-28T11:35:38.944Z  info: server Url http://localhost:4000
2024-08-28T11:35:45.907Z  info: Database started
2024-08-28T11:35:45.910Z  info: Express Intialized
2024-08-28T11:35:45.911Z  info: server started on 4000
2024-08-28T11:35:45.911Z  info: server Url http://localhost:4000
2024-08-28T11:37:54.017Z  info: Database started
2024-08-28T11:37:54.020Z  info: Express Intialized
2024-08-28T11:37:54.021Z  info: server started on 4000
2024-08-28T11:37:54.021Z  info: server Url http://localhost:4000
2024-08-28T11:38:14.794Z  info: Database started
2024-08-28T11:38:14.796Z  info: Express Intialized
2024-08-28T11:38:14.798Z  info: server started on 4000
2024-08-28T11:38:14.798Z  info: server Url http://localhost:4000
2024-08-28T11:38:25.159Z  info: Database started
2024-08-28T11:38:25.161Z  info: Express Intialized
2024-08-28T11:38:25.163Z  info: server started on 4000
2024-08-28T11:38:25.163Z  info: server Url http://localhost:4000
2024-08-28T11:38:58.647Z  info: Database started
2024-08-28T11:38:58.650Z  info: Express Intialized
2024-08-28T11:38:58.652Z  info: server started on 4000
2024-08-28T11:38:58.652Z  info: server Url http://localhost:4000
2024-08-28T11:39:16.506Z  info: Database started
2024-08-28T11:39:16.508Z  info: Express Intialized
2024-08-28T11:39:16.509Z  info: server started on 4000
2024-08-28T11:39:16.509Z  info: server Url http://localhost:4000
2024-08-28T11:39:22.496Z  info: Database started
2024-08-28T11:39:22.499Z  info: Express Intialized
2024-08-28T11:39:22.500Z  info: server started on 4000
2024-08-28T11:39:22.500Z  info: server Url http://localhost:4000
2024-08-28T11:39:34.068Z  info: Database started
2024-08-28T11:39:34.070Z  info: Express Intialized
2024-08-28T11:39:34.072Z  info: server started on 4000
2024-08-28T11:39:34.072Z  info: server Url http://localhost:4000
2024-08-28T11:39:57.837Z  info: Database started
2024-08-28T11:39:57.839Z  info: Express Intialized
2024-08-28T11:39:57.841Z  info: server started on 4000
2024-08-28T11:39:57.841Z  info: server Url http://localhost:4000
2024-08-28T11:40:16.030Z  info: Database started
2024-08-28T11:40:16.032Z  info: Express Intialized
2024-08-28T11:40:16.033Z  info: server started on 4000
2024-08-28T11:40:16.033Z  info: server Url http://localhost:4000
2024-08-28T11:40:50.124Z  info: Database started
2024-08-28T11:40:50.126Z  info: Express Intialized
2024-08-28T11:40:50.128Z  info: server started on 4000
2024-08-28T11:40:50.128Z  info: server Url http://localhost:4000
2024-08-28T11:41:00.217Z  info: Database started
2024-08-28T11:41:00.219Z  info: Express Intialized
2024-08-28T11:41:00.221Z  info: server started on 4000
2024-08-28T11:41:00.221Z  info: server Url http://localhost:4000
2024-08-28T11:41:14.275Z  info: Database started
2024-08-28T11:41:14.277Z  info: Express Intialized
2024-08-28T11:41:14.279Z  info: server started on 4000
2024-08-28T11:41:14.279Z  info: server Url http://localhost:4000
2024-08-28T11:42:57.983Z  info: Database started
2024-08-28T11:42:57.984Z  info: Express Intialized
2024-08-28T11:42:57.986Z  info: server started on 4000
2024-08-28T11:42:57.986Z  info: server Url http://localhost:4000
2024-08-28T11:43:05.533Z  info: Database started
2024-08-28T11:43:05.535Z  info: Express Intialized
2024-08-28T11:43:05.537Z  info: server started on 4000
2024-08-28T11:43:05.537Z  info: server Url http://localhost:4000
2024-08-28T11:43:21.437Z  info: Database started
2024-08-28T11:43:21.439Z  info: Express Intialized
2024-08-28T11:43:21.441Z  info: server started on 4000
2024-08-28T11:43:21.441Z  info: server Url http://localhost:4000
2024-08-28T11:43:30.695Z  info: Database started
2024-08-28T11:43:30.697Z  info: Express Intialized
2024-08-28T11:43:30.699Z  info: server started on 4000
2024-08-28T11:43:30.699Z  info: server Url http://localhost:4000
2024-08-28T11:43:39.166Z  info: Database started
2024-08-28T11:43:39.168Z  info: Express Intialized
2024-08-28T11:43:39.169Z  info: server started on 4000
2024-08-28T11:43:39.169Z  info: server Url http://localhost:4000
2024-08-28T11:49:14.380Z  info: Database started
2024-08-28T11:49:14.383Z  info: Express Intialized
2024-08-28T11:49:14.384Z  info: server started on 4000
2024-08-28T11:49:14.385Z  info: server Url http://localhost:4000
2024-08-28T11:49:19.126Z  info: Database started
2024-08-28T11:49:19.129Z  info: Express Intialized
2024-08-28T11:49:19.131Z  info: server started on 4000
2024-08-28T11:49:19.131Z  info: server Url http://localhost:4000
2024-08-28T11:49:28.877Z  info: Database started
2024-08-28T11:49:28.879Z  info: Express Intialized
2024-08-28T11:49:28.882Z  info: server started on 4000
2024-08-28T11:49:28.882Z  info: server Url http://localhost:4000
2024-08-28T11:49:31.622Z  info: Database started
2024-08-28T11:49:31.624Z  info: Express Intialized
2024-08-28T11:49:31.626Z  info: server started on 4000
2024-08-28T11:49:31.626Z  info: server Url http://localhost:4000
2024-08-28T11:49:59.258Z  info: Database started
2024-08-28T11:49:59.261Z  info: Express Intialized
2024-08-28T11:49:59.263Z  info: server started on 4000
2024-08-28T11:49:59.263Z  info: server Url http://localhost:4000
2024-08-28T11:50:26.578Z  info: Database started
2024-08-28T11:50:26.580Z  info: Express Intialized
2024-08-28T11:50:26.582Z  info: server started on 4000
2024-08-28T11:50:26.582Z  info: server Url http://localhost:4000
2024-08-28T11:52:16.677Z  info: Database started
2024-08-28T11:52:16.679Z  info: Express Intialized
2024-08-28T11:52:16.681Z  info: server started on 4000
2024-08-28T11:52:16.681Z  info: server Url http://localhost:4000
2024-08-28T11:52:30.799Z  info: Database started
2024-08-28T11:52:30.801Z  info: Express Intialized
2024-08-28T11:52:30.803Z  info: server started on 4000
2024-08-28T11:52:30.803Z  info: server Url http://localhost:4000
2024-08-28T11:53:16.570Z  info: Database started
2024-08-28T11:53:16.574Z  info: Express Intialized
2024-08-28T11:53:16.576Z  info: server started on 4000
2024-08-28T11:53:16.576Z  info: server Url http://localhost:4000
2024-08-28T12:01:14.632Z  info: Database started
2024-08-28T12:01:14.634Z  info: Express Intialized
2024-08-28T12:01:14.636Z  info: server started on 4000
2024-08-28T12:01:14.636Z  info: server Url http://localhost:4000
2024-08-28T12:01:33.610Z  info: Database started
2024-08-28T12:01:33.614Z  info: Express Intialized
2024-08-28T12:01:33.617Z  info: server started on 4000
2024-08-28T12:01:33.618Z  info: server Url http://localhost:4000
2024-08-28T12:01:40.861Z  info: Database started
2024-08-28T12:01:40.883Z  info: Express Intialized
2024-08-28T12:01:40.898Z  info: server started on 4000
2024-08-28T12:01:40.899Z  info: server Url http://localhost:4000
2024-08-28T12:01:47.788Z  info: Database started
2024-08-28T12:01:47.790Z  info: Express Intialized
2024-08-28T12:01:47.791Z  info: server started on 4000
2024-08-28T12:01:47.792Z  info: server Url http://localhost:4000
2024-08-28T12:01:50.015Z  info: Database started
2024-08-28T12:01:50.018Z  info: Express Intialized
2024-08-28T12:01:50.019Z  info: server started on 4000
2024-08-28T12:01:50.019Z  info: server Url http://localhost:4000
2024-08-28T12:05:40.678Z  info: Database started
2024-08-28T12:05:40.680Z  info: Express Intialized
2024-08-28T12:05:40.681Z  info: server started on 4000
2024-08-28T12:05:40.681Z  info: server Url http://localhost:4000
2024-08-28T12:05:48.454Z  info: Database started
2024-08-28T12:05:48.456Z  info: Express Intialized
2024-08-28T12:05:48.457Z  info: server started on 4000
2024-08-28T12:05:48.457Z  info: server Url http://localhost:4000
2024-08-28T12:05:54.212Z  info: Database started
2024-08-28T12:05:54.215Z  info: Express Intialized
2024-08-28T12:05:54.217Z  info: server started on 4000
2024-08-28T12:05:54.218Z  info: server Url http://localhost:4000
2024-08-28T12:06:33.245Z  info: Database started
2024-08-28T12:06:33.248Z  info: Express Intialized
2024-08-28T12:06:33.250Z  info: server started on 4000
2024-08-28T12:06:33.250Z  info: server Url http://localhost:4000
2024-08-28T12:11:52.953Z  info: Database started
2024-08-28T12:11:52.955Z  info: Express Intialized
2024-08-28T12:11:52.956Z  info: server started on 4000
2024-08-28T12:11:52.957Z  info: server Url http://localhost:4000
